2025-07-28 18:37:01|https://httpbin.org/status/500|500|server_error|high|contact_admin|1128|Internal Server Error - Server encountered an error - HTTP status indicates unavailable: Internal Server Error (HTTP status check failed)
2025-07-28 19:36:21|ERROR|Function not found: 1||
2025-07-28 19:37:10|ERROR|Function not found: 2||
2025-07-28 19:38:54|ERROR|Function not found: 2||
2025-07-28 19:58:31|http://localhost:8083/error|500|server_error|high|contact_admin|210|Internal Server Error - Server encountered an error - HTTP status indicates unavailable: Internal Server Error (HTTP status check failed)
2025-07-28 19:58:42|http://localhost:8083/error|500|server_error|high|contact_admin|216|Internal Server Error - Server encountered an error - HTTP status indicates unavailable: Internal Server Error (HTTP status check failed)
2025-07-28 19:58:44|http://localhost:8083/notfound|404|client_error|high|verify_url|211|Not Found - Resource does not exist - HTTP status indicates unavailable: Not Found (HTTP status check failed)
2025-07-28 19:58:45|http://localhost:8083/forbidden|403|client_error|high|check_permissions|212|Forbidden - Access denied - HTTP status indicates unavailable: Forbidden (HTTP status check failed)
2025-07-28 20:00:52|http://localhost:8083/error|500|server_error|high|contact_admin|205|Internal Server Error - Server encountered an error - HTTP status indicates unavailable: Internal Server Error (HTTP status check failed)
2025-07-28 20:01:03|http://localhost:8083/error|500|server_error|high|contact_admin|204|Internal Server Error - Server encountered an error - HTTP status indicates unavailable: Internal Server Error (HTTP status check failed)
2025-07-28 20:01:05|http://localhost:8083/notfound|404|client_error|high|verify_url|204|Not Found - Resource does not exist - HTTP status indicates unavailable: Not Found (HTTP status check failed)
2025-07-28 20:01:06|http://localhost:8083/forbidden|403|client_error|high|check_permissions|210|Forbidden - Access denied - HTTP status indicates unavailable: Forbidden (HTTP status check failed)
2025-07-28 20:01:58|http://localhost:8083/error|500|server_error|high|contact_admin|207|Internal Server Error - Server encountered an error - HTTP status indicates unavailable: Internal Server Error (HTTP status check failed)
2025-07-28 20:02:11|http://localhost:8083/error|500|server_error|high|contact_admin|233|Internal Server Error - Server encountered an error - HTTP status indicates unavailable: Internal Server Error (HTTP status check failed)
2025-07-28 20:02:13|http://localhost:8083/notfound|404|client_error|high|verify_url|218|Not Found - Resource does not exist - HTTP status indicates unavailable: Not Found (HTTP status check failed)
2025-07-28 20:02:14|http://localhost:8083/forbidden|403|client_error|high|check_permissions|303|Forbidden - Access denied - HTTP status indicates unavailable: Forbidden (HTTP status check failed)
2025-07-28 20:20:51|http://localhost:8083/error|500|server_error|high|contact_admin|233|Internal Server Error - Server encountered an error - HTTP status indicates unavailable: Internal Server Error (HTTP status check failed)
2025-07-28 20:21:05|http://localhost:8083/error|500|server_error|high|contact_admin|263|Internal Server Error - Server encountered an error - HTTP status indicates unavailable: Internal Server Error (HTTP status check failed)
2025-07-28 20:21:06|http://localhost:8083/notfound|404|client_error|high|verify_url|213|Not Found - Resource does not exist - HTTP status indicates unavailable: Not Found (HTTP status check failed)
2025-07-28 20:21:07|http://localhost:8083/forbidden|403|client_error|high|check_permissions|206|Forbidden - Access denied - HTTP status indicates unavailable: Forbidden (HTTP status check failed)
2025-07-28 20:26:58|http://localhost:8083/error|500|server_error|high|contact_admin|212|Internal Server Error - Server encountered an error - HTTP status indicates unavailable: Internal Server Error (HTTP status check failed)
2025-07-28 20:30:59|http://localhost:8083/notfound|404|client_error|high|verify_url|209|Not Found - Resource does not exist - HTTP status indicates unavailable: Not Found (HTTP status check failed)
2025-07-28 20:31:01|http://localhost:8083/forbidden|403|client_error|high|check_permissions|224|Forbidden - Access denied - HTTP status indicates unavailable: Forbidden (HTTP status check failed)
2025-07-28 20:33:11|http://localhost:8083/error|500|server_error|high|contact_admin|295|Internal Server Error - Server encountered an error - HTTP status indicates unavailable: Internal Server Error (HTTP status check failed)
2025-07-28 20:33:37|http://localhost:8083/notfound|404|client_error|high|verify_url|216|Not Found - Resource does not exist - HTTP status indicates unavailable: Not Found (HTTP status check failed)
2025-07-28 20:33:38|http://localhost:8083/forbidden|403|client_error|high|check_permissions|234|Forbidden - Access denied - HTTP status indicates unavailable: Forbidden (HTTP status check failed)
2025-07-28 20:43:55|https://httpbin.org/status/404|404|client_error|high|verify_url|2195|Not Found - Resource does not exist - HTTP status indicates unavailable: Not Found (HTTP status check failed)
2025-07-28 20:43:58|https://httpbin.org/status/500|500|server_error|high|contact_admin|2406|Internal Server Error - Server encountered an error - HTTP status indicates unavailable: Internal Server Error (HTTP status check failed)
2025-07-28 20:44:23|https://httpbin.org/status/500|500|server_error|high|contact_admin|1870|Internal Server Error - Server encountered an error - HTTP status indicates unavailable: Internal Server Error (HTTP status check failed)
2025-07-28 20:45:23|http://localhost:8081/nonexistent.html|404|client_error|high|verify_url|51|Not Found - Resource does not exist - HTTP status indicates unavailable: Not Found (HTTP status check failed)
2025-07-28 21:38:22|http://localhost:8083/error|500|server_error|high|contact_admin|220|Internal Server Error - Server encountered an error - HTTP status indicates unavailable: Internal Server Error (HTTP status check failed)
2025-07-28 21:39:35|http://localhost:8081/error|500|server_error|high|contact_admin|221|Internal Server Error - Server encountered an error - HTTP status indicates unavailable: Internal Server Error (HTTP status check failed)
2025-07-28 21:45:33|https://httpbin.org/status/404|404|client_error|high|verify_url|3173|Not Found - Resource does not exist - HTTP status indicates unavailable: Not Found (HTTP status check failed)
2025-07-28 21:45:37|https://httpbin.org/status/500|500|server_error|high|contact_admin|3329|Internal Server Error - Server encountered an error - HTTP status indicates unavailable: Internal Server Error (HTTP status check failed)
2025-07-28 21:46:05|https://httpbin.org/status/500|500|server_error|high|contact_admin|2798|Internal Server Error - Server encountered an error - HTTP status indicates unavailable: Internal Server Error (HTTP status check failed)
2025-07-28 21:47:21|http://localhost:8081/nonexistent.html|404|client_error|high|verify_url|52|Not Found - Resource does not exist - HTTP status indicates unavailable: Not Found (HTTP status check failed)
2025-07-28 21:48:48|https://httpbin.org/status/200|503|server_error|high|retry_later|1197|Service Unavailable - Server temporarily unavailable - HTTP status indicates unavailable: Service Unavailable (HTTP status check failed)
2025-07-28 21:48:55|https://httpbin.org/status/200|503|server_error|high|retry_later|2958|Service Unavailable - Server temporarily unavailable - HTTP status indicates unavailable: Service Unavailable (HTTP status check failed)
2025-07-28 21:48:57|https://httpbin.org/status/200|503|server_error|high|retry_later|1140|Service Unavailable - Server temporarily unavailable - HTTP status indicates unavailable: Service Unavailable (HTTP status check failed)
2025-07-28 21:48:59|https://httpbin.org/status/200|503|server_error|high|retry_later|1151|Service Unavailable - Server temporarily unavailable - HTTP status indicates unavailable: Service Unavailable (HTTP status check failed)
2025-07-28 21:49:01|https://httpbin.org/status/200|503|server_error|high|retry_later|1200|Service Unavailable - Server temporarily unavailable - HTTP status indicates unavailable: Service Unavailable (HTTP status check failed)
2025-07-28 21:49:04|https://httpbin.org/status/301|503|server_error|high|retry_later|2240|Service Unavailable - Server temporarily unavailable - HTTP status indicates unavailable: Service Unavailable (HTTP status check failed)
2025-07-28 21:49:07|https://httpbin.org/status/404|503|server_error|high|retry_later|1774|Service Unavailable - Server temporarily unavailable - HTTP status indicates unavailable: Service Unavailable (HTTP status check failed)
2025-07-28 21:49:09|https://httpbin.org/status/500|503|server_error|high|retry_later|1183|Service Unavailable - Server temporarily unavailable - HTTP status indicates unavailable: Service Unavailable (HTTP status check failed)
2025-07-28 21:49:13|https://httpbin.org/delay/5|503|server_error|high|retry_later|3211|Service Unavailable - Server temporarily unavailable - HTTP status indicates unavailable: Service Unavailable (HTTP status check failed)
2025-07-28 21:49:17|https://httpbin.org/delay/1|503|server_error|high|retry_later|2590|Service Unavailable - Server temporarily unavailable - HTTP status indicates unavailable: Service Unavailable (HTTP status check failed)
2025-07-28 21:57:19|https://httpbin.org/status/404|404|client_error|high|verify_url|3264|Not Found - Resource does not exist - HTTP status indicates unavailable: Not Found (HTTP status check failed)
2025-07-28 21:57:23|https://httpbin.org/status/500|500|server_error|high|contact_admin|2624|Internal Server Error - Server encountered an error - HTTP status indicates unavailable: Internal Server Error (HTTP status check failed)
2025-07-28 21:58:44|https://httpbin.org/status/404|404|client_error|high|verify_url|5405|Not Found - Resource does not exist - HTTP status indicates unavailable: Not Found (HTTP status check failed)
2025-07-28 22:01:50|https://httpbin.org/status/200|503|server_error|high|retry_later|2199|Service Unavailable - Server temporarily unavailable - HTTP status indicates unavailable: Service Unavailable (HTTP status check failed)
2025-07-28 22:01:51|https://httpbin.org/status/200|503|server_error|high|retry_later|2548|Service Unavailable - Server temporarily unavailable - HTTP status indicates unavailable: Service Unavailable (HTTP status check failed)
2025-07-28 22:01:57|https://httpbin.org/status/200|503|server_error|high|retry_later|8226|Service Unavailable - Server temporarily unavailable - HTTP status indicates unavailable: Service Unavailable (HTTP status check failed)
2025-07-28 22:03:59|https://httpbin.org/status/404|404|client_error|high|verify_url|1479|Not Found - Resource does not exist - HTTP status indicates unavailable: Not Found (HTTP status check failed)
2025-07-28 22:04:05|https://httpbin.org/status/500|500|server_error|high|contact_admin|4151|Internal Server Error - Server encountered an error - HTTP status indicates unavailable: Internal Server Error (HTTP status check failed)
2025-07-28 22:13:20|https://httpbin.org/status/404|404|client_error|high|verify_url|17937|Not Found - Resource does not exist - HTTP status indicates unavailable: Not Found (HTTP status check failed)
2025-07-28 22:13:26|https://httpbin.org/status/500|500|server_error|high|contact_admin|4201|Internal Server Error - Server encountered an error - HTTP status indicates unavailable: Internal Server Error (HTTP status check failed)
2025-07-28 22:22:28|http://localhost:8888/nonexistent.html|404|client_error|high|verify_url|50|Not Found - Resource does not exist - HTTP status indicates unavailable: Not Found (HTTP status check failed)
2025-07-28 22:24:13|http://localhost:8888/nonexistent.html|404|client_error|high|verify_url|52|Not Found - Resource does not exist - HTTP status indicates unavailable: Not Found (HTTP status check failed)
2025-07-28 22:40:55|https://httpbin.org/status/200|503|server_error|high|retry_later|1200|Service Unavailable - Server temporarily unavailable - HTTP status indicates unavailable: Service Unavailable (HTTP status check failed)
2025-07-28 22:40:56|https://httpbin.org/status/200|503|server_error|high|retry_later|2683|Service Unavailable - Server temporarily unavailable - HTTP status indicates unavailable: Service Unavailable (HTTP status check failed)
2025-07-28 22:40:57|https://httpbin.org/status/200|503|server_error|high|retry_later|3251|Service Unavailable - Server temporarily unavailable - HTTP status indicates unavailable: Service Unavailable (HTTP status check failed)
2025-07-28 22:42:28|http://localhost:8888/nonexistent.html|404|client_error|high|verify_url|50|Not Found - Resource does not exist - HTTP status indicates unavailable: Not Found (HTTP status check failed)
2025-07-28 22:46:11|http://localhost:8888/nonexistent.html|404|client_error|high|verify_url|51|Not Found - Resource does not exist - HTTP status indicates unavailable: Not Found (HTTP status check failed)
